0 info it worked if it ends with ok
1 verbose cli [ '/usr/bin/nodejs',
1 verbose cli   '/usr/local/bin/npm',
1 verbose cli   'install',
1 verbose cli   'angular2-chartjs' ]
2 info using npm@3.10.6
3 info using node@v4.2.6
4 silly loadCurrentTree Starting
5 silly install loadCurrentTree
6 silly install readLocalPackageData
7 silly fetchPackageMetaData angular2-chartjs
8 silly fetchNamedPackageData angular2-chartjs
9 silly mapToRegistry name angular2-chartjs
10 silly mapToRegistry using default registry
11 silly mapToRegistry registry https://registry.npmjs.org/
12 silly mapToRegistry data Result {
12 silly mapToRegistry   raw: 'angular2-chartjs',
12 silly mapToRegistry   scope: null,
12 silly mapToRegistry   escapedName: 'angular2-chartjs',
12 silly mapToRegistry   name: 'angular2-chartjs',
12 silly mapToRegistry   rawSpec: '',
12 silly mapToRegistry   spec: 'latest',
12 silly mapToRegistry   type: 'tag' }
13 silly mapToRegistry uri https://registry.npmjs.org/angular2-chartjs
14 verbose request uri https://registry.npmjs.org/angular2-chartjs
15 verbose request no auth needed
16 info attempt registry request try #1 at 2:26:06 PM
17 verbose request id 1a7f4ce5d81cfb35
18 http request GET https://registry.npmjs.org/angular2-chartjs
19 http 200 https://registry.npmjs.org/angular2-chartjs
20 verbose headers { server: 'CouchDB/1.5.0 (Erlang OTP/R16B03)',
20 verbose headers   etag: '"17MHV019W5TUALL78RAYLCLGJ"',
20 verbose headers   'content-type': 'application/json',
20 verbose headers   'content-encoding': 'gzip',
20 verbose headers   'cache-control': 'max-age=300',
20 verbose headers   'content-length': '2326',
20 verbose headers   'accept-ranges': 'bytes',
20 verbose headers   date: 'Sat, 15 Oct 2016 12:26:07 GMT',
20 verbose headers   via: '1.1 varnish',
20 verbose headers   age: '0',
20 verbose headers   connection: 'keep-alive',
20 verbose headers   'x-served-by': 'cache-fra1248-FRA',
20 verbose headers   'x-cache': 'MISS',
20 verbose headers   'x-cache-hits': '0',
20 verbose headers   'x-timer': 'S1476534366.516784,VS0,VE757',
20 verbose headers   vary: 'Accept-Encoding' }
21 silly get cb [ 200,
21 silly get   { server: 'CouchDB/1.5.0 (Erlang OTP/R16B03)',
21 silly get     etag: '"17MHV019W5TUALL78RAYLCLGJ"',
21 silly get     'content-type': 'application/json',
21 silly get     'content-encoding': 'gzip',
21 silly get     'cache-control': 'max-age=300',
21 silly get     'content-length': '2326',
21 silly get     'accept-ranges': 'bytes',
21 silly get     date: 'Sat, 15 Oct 2016 12:26:07 GMT',
21 silly get     via: '1.1 varnish',
21 silly get     age: '0',
21 silly get     connection: 'keep-alive',
21 silly get     'x-served-by': 'cache-fra1248-FRA',
21 silly get     'x-cache': 'MISS',
21 silly get     'x-cache-hits': '0',
21 silly get     'x-timer': 'S1476534366.516784,VS0,VE757',
21 silly get     vary: 'Accept-Encoding' } ]
22 verbose get saving angular2-chartjs to /home/bode/.npm/registry.npmjs.org/angular2-chartjs/.cache.json
23 verbose correctMkdir /home/bode/.npm correctMkdir not in flight; initializing
24 silly install normalizeTree
25 silly loadCurrentTree Finishing
26 silly loadIdealTree Starting
27 silly install loadIdealTree
28 silly cloneCurrentTree Starting
29 silly install cloneCurrentTreeToIdealTree
30 silly cloneCurrentTree Finishing
31 silly loadShrinkwrap Starting
32 silly install loadShrinkwrap
33 silly loadShrinkwrap Finishing
34 silly loadAllDepsIntoIdealTree Starting
35 silly install loadAllDepsIntoIdealTree
36 silly resolveWithNewModule angular2-chartjs@0.1.4 checking installable status
37 silly cache add args [ 'angular2-chartjs', null ]
38 verbose cache add spec angular2-chartjs
39 silly cache add parsed spec Result {
39 silly cache add   raw: 'angular2-chartjs',
39 silly cache add   scope: null,
39 silly cache add   escapedName: 'angular2-chartjs',
39 silly cache add   name: 'angular2-chartjs',
39 silly cache add   rawSpec: '',
39 silly cache add   spec: 'latest',
39 silly cache add   type: 'tag' }
40 silly addNamed angular2-chartjs@latest
41 verbose addNamed "latest" is being treated as a dist-tag for angular2-chartjs
42 info addNameTag [ 'angular2-chartjs', 'latest' ]
43 silly mapToRegistry name angular2-chartjs
44 silly mapToRegistry using default registry
45 silly mapToRegistry registry https://registry.npmjs.org/
46 silly mapToRegistry data Result {
46 silly mapToRegistry   raw: 'angular2-chartjs',
46 silly mapToRegistry   scope: null,
46 silly mapToRegistry   escapedName: 'angular2-chartjs',
46 silly mapToRegistry   name: 'angular2-chartjs',
46 silly mapToRegistry   rawSpec: '',
46 silly mapToRegistry   spec: 'latest',
46 silly mapToRegistry   type: 'tag' }
47 silly mapToRegistry uri https://registry.npmjs.org/angular2-chartjs
48 verbose addNameTag registry:https://registry.npmjs.org/angular2-chartjs not in flight; fetching
49 verbose get https://registry.npmjs.org/angular2-chartjs not expired, no request
50 silly addNameTag next cb for angular2-chartjs with tag latest
51 silly addNamed angular2-chartjs@0.1.4
52 verbose addNamed "0.1.4" is a plain semver version for angular2-chartjs
53 silly mapToRegistry name angular2-chartjs
54 silly mapToRegistry using default registry
55 silly mapToRegistry registry https://registry.npmjs.org/
56 silly mapToRegistry data Result {
56 silly mapToRegistry   raw: 'angular2-chartjs',
56 silly mapToRegistry   scope: null,
56 silly mapToRegistry   escapedName: 'angular2-chartjs',
56 silly mapToRegistry   name: 'angular2-chartjs',
56 silly mapToRegistry   rawSpec: '',
56 silly mapToRegistry   spec: 'latest',
56 silly mapToRegistry   type: 'tag' }
57 silly mapToRegistry uri https://registry.npmjs.org/angular2-chartjs
58 verbose addRemoteTarball https://registry.npmjs.org/angular2-chartjs/-/angular2-chartjs-0.1.4.tgz not in flight; adding
59 verbose addRemoteTarball [ 'https://registry.npmjs.org/angular2-chartjs/-/angular2-chartjs-0.1.4.tgz',
59 verbose addRemoteTarball   '844fe1bbbbf2e4de88ed18271dbe4f5cfb572781' ]
60 info retry fetch attempt 1 at 2:26:07 PM
61 info attempt registry request try #1 at 2:26:07 PM
62 http fetch GET https://registry.npmjs.org/angular2-chartjs/-/angular2-chartjs-0.1.4.tgz
63 http fetch 200 https://registry.npmjs.org/angular2-chartjs/-/angular2-chartjs-0.1.4.tgz
64 silly fetchAndShaCheck shasum 844fe1bbbbf2e4de88ed18271dbe4f5cfb572781
65 verbose addTmpTarball /tmp/npm-17870-cf77b634/registry.npmjs.org/angular2-chartjs/-/angular2-chartjs-0.1.4.tgz not in flight; adding
66 verbose addTmpTarball already have metadata; skipping unpack for angular2-chartjs@0.1.4
67 verbose correctMkdir /home/bode/.npm correctMkdir not in flight; initializing
68 silly cache afterAdd angular2-chartjs@0.1.4
69 verbose afterAdd /home/bode/.npm/angular2-chartjs/0.1.4/package/package.json not in flight; writing
70 verbose correctMkdir /home/bode/.npm correctMkdir not in flight; initializing
71 verbose afterAdd /home/bode/.npm/angular2-chartjs/0.1.4/package/package.json written
72 silly fetchNamedPackageData chart.js
73 silly mapToRegistry name chart.js
74 silly mapToRegistry using default registry
75 silly mapToRegistry registry https://registry.npmjs.org/
76 silly mapToRegistry data Result {
76 silly mapToRegistry   raw: 'chart.js',
76 silly mapToRegistry   scope: null,
76 silly mapToRegistry   escapedName: 'chart.js',
76 silly mapToRegistry   name: 'chart.js',
76 silly mapToRegistry   rawSpec: '',
76 silly mapToRegistry   spec: 'latest',
76 silly mapToRegistry   type: 'tag' }
77 silly mapToRegistry uri https://registry.npmjs.org/chart.js
78 verbose request uri https://registry.npmjs.org/chart.js
79 verbose request no auth needed
80 info attempt registry request try #1 at 2:26:07 PM
81 http request GET https://registry.npmjs.org/chart.js
82 http 200 https://registry.npmjs.org/chart.js
83 verbose headers { server: 'CouchDB/1.6.1 (Erlang OTP/R16B03)',
83 verbose headers   etag: '"D8Z7SPR69X2ECMGM9KKAYCPYE"',
83 verbose headers   'content-type': 'application/json',
83 verbose headers   'content-encoding': 'gzip',
83 verbose headers   'cache-control': 'max-age=300',
83 verbose headers   'content-length': '6135',
83 verbose headers   'accept-ranges': 'bytes',
83 verbose headers   date: 'Sat, 15 Oct 2016 12:26:07 GMT',
83 verbose headers   via: '1.1 varnish',
83 verbose headers   age: '231',
83 verbose headers   connection: 'keep-alive',
83 verbose headers   'x-served-by': 'cache-fra1249-FRA',
83 verbose headers   'x-cache': 'HIT',
83 verbose headers   'x-cache-hits': '1',
83 verbose headers   'x-timer': 'S1476534367.827298,VS0,VE0',
83 verbose headers   vary: 'Accept-Encoding' }
84 silly get cb [ 200,
84 silly get   { server: 'CouchDB/1.6.1 (Erlang OTP/R16B03)',
84 silly get     etag: '"D8Z7SPR69X2ECMGM9KKAYCPYE"',
84 silly get     'content-type': 'application/json',
84 silly get     'content-encoding': 'gzip',
84 silly get     'cache-control': 'max-age=300',
84 silly get     'content-length': '6135',
84 silly get     'accept-ranges': 'bytes',
84 silly get     date: 'Sat, 15 Oct 2016 12:26:07 GMT',
84 silly get     via: '1.1 varnish',
84 silly get     age: '231',
84 silly get     connection: 'keep-alive',
84 silly get     'x-served-by': 'cache-fra1249-FRA',
84 silly get     'x-cache': 'HIT',
84 silly get     'x-cache-hits': '1',
84 silly get     'x-timer': 'S1476534367.827298,VS0,VE0',
84 silly get     vary: 'Accept-Encoding' } ]
85 verbose get saving chart.js to /home/bode/.npm/registry.npmjs.org/chart.js/.cache.json
86 verbose correctMkdir /home/bode/.npm correctMkdir not in flight; initializing
87 silly resolveWithNewModule chart.js@2.3.0 checking installable status
88 silly cache add args [ 'chart.js@^2.3.0', null ]
89 verbose cache add spec chart.js@^2.3.0
90 silly cache add parsed spec Result {
90 silly cache add   raw: 'chart.js@^2.3.0',
90 silly cache add   scope: null,
90 silly cache add   escapedName: 'chart.js',
90 silly cache add   name: 'chart.js',
90 silly cache add   rawSpec: '^2.3.0',
90 silly cache add   spec: '>=2.3.0 <3.0.0',
90 silly cache add   type: 'range' }
91 silly addNamed chart.js@>=2.3.0 <3.0.0
92 verbose addNamed ">=2.3.0 <3.0.0" is a valid semver range for chart.js
93 silly addNameRange { name: 'chart.js', range: '>=2.3.0 <3.0.0', hasData: false }
94 silly mapToRegistry name chart.js
95 silly mapToRegistry using default registry
96 silly mapToRegistry registry https://registry.npmjs.org/
97 silly mapToRegistry data Result {
97 silly mapToRegistry   raw: 'chart.js',
97 silly mapToRegistry   scope: null,
97 silly mapToRegistry   escapedName: 'chart.js',
97 silly mapToRegistry   name: 'chart.js',
97 silly mapToRegistry   rawSpec: '',
97 silly mapToRegistry   spec: 'latest',
97 silly mapToRegistry   type: 'tag' }
98 silly mapToRegistry uri https://registry.npmjs.org/chart.js
99 verbose addNameRange registry:https://registry.npmjs.org/chart.js not in flight; fetching
100 verbose get https://registry.npmjs.org/chart.js not expired, no request
101 silly addNameRange number 2 { name: 'chart.js', range: '>=2.3.0 <3.0.0', hasData: true }
102 silly addNameRange versions [ 'chart.js',
102 silly addNameRange   [ '1.0.1-beta.2',
102 silly addNameRange     '1.0.1',
102 silly addNameRange     '1.0.2',
102 silly addNameRange     '1.1.0',
102 silly addNameRange     '1.1.1',
102 silly addNameRange     '2.0.0',
102 silly addNameRange     '2.0.1',
102 silly addNameRange     '2.0.2',
102 silly addNameRange     '2.1.0',
102 silly addNameRange     '2.1.1',
102 silly addNameRange     '2.1.2',
102 silly addNameRange     '2.1.3',
102 silly addNameRange     '2.1.4',
102 silly addNameRange     '2.1.5',
102 silly addNameRange     '2.1.6',
102 silly addNameRange     '2.2.0-rc.1',
102 silly addNameRange     '2.2.0-rc.2',
102 silly addNameRange     '2.2.0',
102 silly addNameRange     '2.2.1',
102 silly addNameRange     '2.2.2',
102 silly addNameRange     '2.3.0-rc.1',
102 silly addNameRange     '2.3.0' ] ]
103 silly addNamed chart.js@2.3.0
104 verbose addNamed "2.3.0" is a plain semver version for chart.js
105 silly mapToRegistry name chart.js
106 silly mapToRegistry using default registry
107 silly mapToRegistry registry https://registry.npmjs.org/
108 silly mapToRegistry data Result {
108 silly mapToRegistry   raw: 'chart.js',
108 silly mapToRegistry   scope: null,
108 silly mapToRegistry   escapedName: 'chart.js',
108 silly mapToRegistry   name: 'chart.js',
108 silly mapToRegistry   rawSpec: '',
108 silly mapToRegistry   spec: 'latest',
108 silly mapToRegistry   type: 'tag' }
109 silly mapToRegistry uri https://registry.npmjs.org/chart.js
110 verbose addRemoteTarball https://registry.npmjs.org/chart.js/-/chart.js-2.3.0.tgz not in flight; adding
111 verbose addRemoteTarball [ 'https://registry.npmjs.org/chart.js/-/chart.js-2.3.0.tgz',
111 verbose addRemoteTarball   '40460e48e2c417c05fc3325cd84f7b000dc7d7d6' ]
112 info retry fetch attempt 1 at 2:26:07 PM
113 info attempt registry request try #1 at 2:26:07 PM
114 http fetch GET https://registry.npmjs.org/chart.js/-/chart.js-2.3.0.tgz
115 http fetch 200 https://registry.npmjs.org/chart.js/-/chart.js-2.3.0.tgz
116 warn retry will retry, error on last attempt: Error: ENOSPC: no space left on device, write
117 verbose stack TypeError: tarball.destroy is not a function
117 verbose stack     at WriteStreamAtomic.<anonymous> (/usr/local/lib/node_modules/npm/lib/cache/add-remote-tarball.js:97:15)
117 verbose stack     at emitOne (events.js:82:20)
117 verbose stack     at WriteStreamAtomic.emit (events.js:169:7)
117 verbose stack     at WriteStreamAtomic.emit (/usr/local/lib/node_modules/npm/node_modules/fs-write-stream-atomic/index.js:60:34)
117 verbose stack     at WriteStream.<anonymous> (/usr/local/lib/node_modules/npm/node_modules/fs-write-stream-atomic/index.js:113:17)
117 verbose stack     at WriteStream.g (events.js:260:16)
117 verbose stack     at emitOne (events.js:77:13)
117 verbose stack     at WriteStream.emit (events.js:169:7)
117 verbose stack     at onwriteError (_stream_writable.js:304:10)
117 verbose stack     at onwrite (_stream_writable.js:322:5)
118 verbose cwd /home/bode/Desktop/quickstart
119 error Linux 4.4.0-38-generic
120 error argv "/usr/bin/nodejs" "/usr/local/bin/npm" "install" "angular2-chartjs"
121 error node v4.2.6
122 error npm  v3.10.6
123 error tarball.destroy is not a function
124 error If you need help, you may report this error at:
124 error     <https://github.com/npm/npm/issues>
125 verbose exit [ 1, true ]
